  program.cpp
c:\users\ee-sama\documents\visual studio 2017\projects\raytracer\raytracer\program.cpp(78): warning C4305: аргумент: усечение из "double" в "T"
          with
          [
              T=float
          ]
c:\users\ee-sama\documents\visual studio 2017\projects\raytracer\raytracer\program.cpp(89): warning C4305: аргумент: усечение из "double" в "T"
          with
          [
              T=float
          ]
c:\users\ee-sama\documents\visual studio 2017\projects\raytracer\raytracer\program.cpp(119): warning C4305: инициализация: усечение из "double" в "float"
c:\users\ee-sama\documents\visual studio 2017\projects\raytracer\raytracer\program.cpp(125): warning C4244: инициализация: преобразование "double" в "float", возможна потеря данных
c:\users\ee-sama\documents\visual studio 2017\projects\raytracer\raytracer\program.cpp(126): warning C4244: инициализация: преобразование "double" в "float", возможна потеря данных
c:\users\ee-sama\documents\visual studio 2017\projects\raytracer\raytracer\program.cpp(127): warning C4244: инициализация: преобразование "double" в "float", возможна потеря данных
c:\users\ee-sama\documents\visual studio 2017\projects\raytracer\raytracer\program.cpp(147): warning C4305: аргумент: усечение из "double" в "T"
          with
          [
              T=float
          ]
c:\users\ee-sama\documents\visual studio 2017\projects\raytracer\raytracer\program.cpp(148): warning C4305: аргумент: усечение из "double" в "T"
          with
          [
              T=float
          ]
c:\users\ee-sama\documents\visual studio 2017\projects\raytracer\raytracer\program.cpp(149): warning C4305: аргумент: усечение из "double" в "T"
          with
          [
              T=float
          ]
c:\users\ee-sama\documents\visual studio 2017\projects\raytracer\raytracer\program.cpp(150): warning C4305: аргумент: усечение из "double" в "T"
          with
          [
              T=float
          ]
c:\users\ee-sama\documents\visual studio 2017\projects\raytracer\raytracer\program.cpp(160): warning C4305: аргумент: усечение из "double" в "const float"
c:\users\ee-sama\documents\visual studio 2017\projects\raytracer\raytracer\program.cpp(161): warning C4305: аргумент: усечение из "double" в "const float"
c:\users\ee-sama\documents\visual studio 2017\projects\raytracer\raytracer\geometry.h(65): warning C4244: =: преобразование "U" в "T", возможна потеря данных
          with
          [
              U=double
          ]
          and
          [
              T=float
          ]
  c:\users\ee-sama\documents\visual studio 2017\projects\raytracer\raytracer\program.cpp(94): note: выполняется компиляция ссылки на экземпляр шаблон функции "vec<3,float> operator *<3,float,double>(const vec<3,float> &,const U &)"
          with
          [
              U=double
          ]
  RayTracer.vcxproj -> C:\Users\EE-sama\Documents\Visual Studio 2017\Projects\RayTracer\Debug\RayTracer.exe
